<?xml version="1.0" encoding="UTF-8"?>
<testng-results ignored="0" total="1" passed="1" failed="0" skipped="0">
  <reporter-output>
  </reporter-output>
  <suite started-at="2024-02-27T14:00:25 IST" name="Default suite" finished-at="2024-02-27T14:00:38 IST" duration-ms="12607">
    <groups>
    </groups>
    <test started-at="2024-02-27T14:00:25 IST" name="Default test" finished-at="2024-02-27T14:00:38 IST" duration-ms="12607">
      <class name="Axis.DataDrivenTesting.WriteIntoExcel">
        <test-method signature="FBLogin()[pri:0, instance:Axis.DataDrivenTesting.WriteIntoExcel@67f639d3]" started-at="2024-02-27T14:00:25 IST" name="FBLogin" finished-at="2024-02-27T14:00:38 IST" duration-ms="12557" status="PASS">
          <reporter-output>
          </reporter-output>
        </test-method> <!-- FBLogin -->
      </class> <!-- Axis.DataDrivenTesting.WriteIntoExcel -->
    </test> <!-- Default test -->
  </suite> <!-- Default suite -->
</testng-results>
